<?xml version="1.0" encoding="UTF-8"?>
<!-- Generated by org.testng.reporters.JUnitReportReporter -->
<testsuite hostname="Naveen" failures="0" tests="3" name="pomseries.tests.HomePageTest" time="2.332" errors="0" timestamp="2023-09-22T13:27:48 IST" skipped="0">
  <testcase classname="pomseries.tests.HomePageTest" name="homePageUrlTest" time="0.034"/>
  <testcase classname="pomseries.tests.HomePageTest" name="systemUserDetailsTest" time="2.263"/>
  <testcase classname="pomseries.tests.HomePageTest" name="homePageTitleTest" time="0.035"/>
</testsuite> <!-- pomseries.tests.HomePageTest -->
