<?xml version="1.0" encoding="UTF-8"?>
<!-- Generated by org.testng.reporters.JUnitReportReporter -->
<testsuite hostname="Naveen" failures="0" tests="2" name="pomseries.tests.LoginPageTest" time="0.991" errors="0" timestamp="2023-10-02T08:33:02 IST" skipped="0">
  <testcase classname="pomseries.tests.LoginPageTest" name="loginPageTitleTest" time="0.071"/>
  <testcase classname="pomseries.tests.LoginPageTest" name="loginButtonTest" time="0.920"/>
</testsuite> <!-- pomseries.tests.LoginPageTest -->
